[handleMsg]:  Message {
  _data: {
    id: {
      fromMe: false,
      remote: '573134002789@c.us',
      id: '1499B93ACB1FB6983473E6225816A588',
      _serialized: 'false_573134002789@c.us_1499B93ACB1FB6983473E6225816A588'
    },
    viewed: false,
    body: 'Hola',
    type: 'chat',
    t: 1725208588,
    notifyName: 'mariac19martinezp68',
    from: '573134002789@c.us',
    to: '573026536186@c.us',
    ack: 1,
    invis: false,
    isNewMsg: true,
    star: false,
    kicNotified: false,
    recvFresh: true,
    isFromTemplate: false,
    pollInvalidated: false,
    isSentCagPollCreation: false,
    latestEditMsgKey: null,
    latestEditSenderTimestampMs: null,
    mentionedJidList: [],
    groupMentions: [],
    isEventCanceled: false,
    eventInvalidated: false,
    isVcardOverMmsDocument: false,
    isForwarded: false,
    hasReaction: false,
    productHeaderImageRejected: false,
    lastPlaybackProgress: 0,
    isDynamicReplyButtonsMsg: false,
    isCarouselCard: false,
    parentMsgId: null,
    isMdHistoryMsg: false,
    stickerSentTs: 0,
    isAvatar: false,
    lastUpdateFromServerTs: 0,
    invokedBotWid: null,
    bizBotType: null,
    botResponseTargetId: null,
    botPluginType: null,
    botPluginReferenceIndex: null,
    botPluginSearchProvider: null,
    botPluginSearchUrl: null,
    botPluginSearchQuery: null,
    botPluginMaybeParent: false,
    botReelPluginThumbnailCdnUrl: null,
    botMsgBodyType: null,
    requiresDirectConnection: null,
    bizContentPlaceholderType: null,
    hostedBizEncStateMismatch: false,
    senderOrRecipientAccountTypeHosted: false,
    placeholderCreatedWhenAccountIsHosted: false,
    links: []
  },
  mediaKey: undefined,
  id: {
    fromMe: false,
    remote: '573134002789@c.us',
    id: '1499B93ACB1FB6983473E6225816A588',
    _serialized: 'false_573134002789@c.us_1499B93ACB1FB6983473E6225816A588'
  },
  ack: 1,
  hasMedia: false,
  body: 'Hola',
  type: 'chat',
  timestamp: 1725208588,
  from: '573134002789',
  to: '573026536186@c.us',
  author: undefined,
  deviceType: 'android',
  isForwarded: false,
  forwardingScore: 0,
  isStatus: false,
  isStarred: false,
  broadcast: undefined,
  fromMe: false,
  hasQuotedMsg: false,
  hasReaction: false,
  duration: undefined,
  location: undefined,
  vCards: [],
  inviteV4: undefined,
  mentionedIds: [],
  groupMentions: [],
  orderId: undefined,
  token: undefined,
  isGif: false,
  isEphemeral: undefined,
  links: []
}
[QUEUE_SE_ENVIO]:  {
  ref: 'ans_62235e6e-6a04-4180-ab33-dd872356aa62',
  keyword: 'key_dd6ebd1c-84bf-4233-8a62-9a50bb942685',
  answer: 'Hola, bienvenido a mi tienda\n¿Cómo puedo ayudarte?',
  options: {
    media: null,
    buttons: [],
    capture: false,
    child: null,
    delay: 0,
    idle: null,
    ref: null,
    nested: [],
    keyword: {},
    callback: false
  },
  refSerialize: '9e1695146b64db16c3b9ad8a49a985c5'
}
[QUEUE_SE_ENVIO]:  {
  ref: 'ans_b9433e71-4409-4f1a-9601-fb9c8cc352c3',
  keyword: 'ans_62235e6e-6a04-4180-ab33-dd872356aa62',
  answer: 'Tengo:\nZapatos\nBolsos\netc...',
  options: {
    media: null,
    buttons: [],
    capture: false,
    child: null,
    delay: 0,
    idle: null,
    ref: null,
    nested: [],
    keyword: {},
    callback: false
  },
  refSerialize: '3bf661a5bd824243d3ec59a9972a9ef4'
}
